<?xml version="1.0" encoding="UTF-8"?>
<!-- Generated by org.testng.reporters.JUnitXMLReporter -->
<testsuite ignored="0" hostname="tekdi" failures="0" tests="4" name="PetTests" time="11.182" errors="0" timestamp="2024-06-22T14:04:56 IST">
  <testcase classname="api.test.UserTests" name="testPostUser" time="4.215"/>
  <testcase classname="api.test.UserTests" name="testGetUserByName" time="1.55"/>
  <testcase classname="api.test.UserTests" name="testUpdateUserByName" time="2.874"/>
  <testcase classname="api.test.UserTests" name="testDeleteUserByName" time="1.211"/>
</testsuite> <!-- PetTests -->
